<?xml version="1.0" encoding="UTF-8"?>
<!-- Generated by org.testng.reporters.JUnitReportReporter -->
<testsuite skipped="0" hostname="Pravin-PC" name="com.qa.tests.CommentsServiceTest" tests="2" failures="0" timestamp="24 Mar 2019 09:03:55 GMT" time="8.593" errors="0">
  <testcase name="comments_GETAPITest" time="7.701" classname="com.qa.tests.CommentsServiceTest"/>
  <testcase name="comments_POSTAPITest" time="0.892" classname="com.qa.tests.CommentsServiceTest"/>
</testsuite> <!-- com.qa.tests.CommentsServiceTest -->
