<?xml version="1.0" encoding="UTF-8"?>
<!-- Generated by org.testng.reporters.JUnitReportReporter -->
<testsuite skipped="0" hostname="Pravin-PC" name="com.qa.tests.PostsServiceTest" tests="3" failures="0" timestamp="24 Mar 2019 08:59:37 GMT" time="8.459" errors="0">
  <testcase name="posts_GETAPITest" time="6.634" classname="com.qa.tests.PostsServiceTest"/>
  <testcase name="posts_POSTAPITest" time="1.114" classname="com.qa.tests.PostsServiceTest"/>
  <testcase name="posts_PUTAPITest" time="0.711" classname="com.qa.tests.PostsServiceTest"/>
</testsuite> <!-- com.qa.tests.PostsServiceTest -->
