<?xml version="1.0" encoding="UTF-8"?>
<!-- Generated by org.testng.reporters.JUnitReportReporter -->
<testsuite skipped="0" hostname="Pravin-PC" name="com.qa.tests.GetAPITest" tests="1" failures="0" timestamp="21 Mar 2019 18:19:59 GMT" time="4.653" errors="0">
  <testcase name="getAPITest" time="4.653" classname="com.qa.tests.GetAPITest"/>
</testsuite> <!-- com.qa.tests.GetAPITest -->
